<?xml version="1.0" ?>
<coverage version="7.12.0" timestamp="1764121737900" lines-valid="33" lines-covered="24" line-rate="0.7273" branches-valid="20" branches-covered="14" branch-rate="0.7" complexity="0">
	<!-- Generated by coverage.py: https://coverage.readthedocs.io/en/7.12.0 -->
	<!-- Based on https://raw.githubusercontent.com/cobertura/web/master/htdocs/xml/coverage-04.dtd -->
	<sources>
		<source>/proj/inf-scaling/ziqiaom/xueyang/code/cs520/hw1/CodeEval-Pro</source>
	</sources>
	<packages>
		<package name="solutions.mbpp" line-rate="0.7273" branch-rate="0.7" complexity="0">
			<classes>
				<class name="case_3_baseline.py" filename="solutions/mbpp/case_3_baseline.py" complexity="0" line-rate="0.75" branch-rate="0.6">
					<methods/>
					<lines>
						<line number="2" hits="1"/>
						<line number="12" hits="1" branch="true" condition-coverage="50% (1/2)" missing-branches="13"/>
						<line number="13" hits="0"/>
						<line number="14" hits="1" branch="true" condition-coverage="50% (1/2)" missing-branches="15"/>
						<line number="15" hits="0"/>
						<line number="16" hits="1" branch="true" condition-coverage="50% (1/2)" missing-branches="17"/>
						<line number="17" hits="0"/>
						<line number="18" hits="1" branch="true" condition-coverage="50% (1/2)" missing-branches="19"/>
						<line number="19" hits="0"/>
						<line number="21" hits="1"/>
						<line number="24" hits="1"/>
						<line number="35" hits="1"/>
						<line number="38" hits="1" branch="true" condition-coverage="100% (2/2)"/>
						<line number="40" hits="1"/>
						<line number="43" hits="1"/>
						<line number="46" hits="1"/>
					</lines>
				</class>
				<class name="case_4_baseline.py" filename="solutions/mbpp/case_4_baseline.py" complexity="0" line-rate="0.7059" branch-rate="0.8">
					<methods/>
					<lines>
						<line number="2" hits="1"/>
						<line number="13" hits="0"/>
						<line number="14" hits="0" branch="true" condition-coverage="0% (0/2)" missing-branches="15,17"/>
						<line number="15" hits="0"/>
						<line number="16" hits="0"/>
						<line number="17" hits="0"/>
						<line number="20" hits="1"/>
						<line number="30" hits="1"/>
						<line number="31" hits="1"/>
						<line number="34" hits="1" branch="true" condition-coverage="100% (2/2)"/>
						<line number="35" hits="1" branch="true" condition-coverage="100% (2/2)"/>
						<line number="37" hits="1"/>
						<line number="38" hits="1" branch="true" condition-coverage="100% (2/2)"/>
						<line number="39" hits="1" branch="true" condition-coverage="100% (2/2)"/>
						<line number="40" hits="1"/>
						<line number="43" hits="1"/>
						<line number="45" hits="1"/>
					</lines>
				</class>
			</classes>
		</package>
	</packages>
</coverage>
